<?xml version="1.0" encoding="UTF-8"?>
<testng-results ignored="0" total="1" passed="1" failed="0" skipped="0">
  <reporter-output>
  </reporter-output>
  <suite started-at="2021-11-23T06:31:41Z" name="Suite" finished-at="2021-11-23T06:32:52Z" duration-ms="70389">
    <groups>
    </groups>
    <test started-at="2021-11-23T06:31:41Z" name="Test" finished-at="2021-11-23T06:32:52Z" duration-ms="70389">
      <class name="BenefitsCal.Login">
        <test-method is-config="true" signature="initiateDriver(java.lang.String, java.lang.String)[pri:0, instance:BenefitsCal.Login@6853425f]" started-at="2021-11-23T06:31:41Z" name="initiateDriver" finished-at="2021-11-23T06:31:56Z" duration-ms="15035" status="PASS">
          <params>
            <param index="0">
              <value>
                <![CDATA[chrome]]>
              </value>
            </param>
            <param index="1">
              <value>
                <![CDATA[https://sit1-app.sit.benefitscaldev.com]]>
              </value>
            </param>
          </params>
          <reporter-output>
          </reporter-output>
        </test-method> <!-- initiateDriver -->
        <test-method signature="login(java.lang.String, java.lang.String)[pri:0, instance:BenefitsCal.Login@6853425f]" started-at="2021-11-23T06:31:56Z" name="login" finished-at="2021-11-23T06:32:51Z" duration-ms="54588" status="PASS">
          <params>
            <param index="0">
              <value>
                <![CDATA[sit16thnov@mailinator.com]]>
              </value>
            </param>
            <param index="1">
              <value>
                <![CDATA[Calsaws03!]]>
              </value>
            </param>
          </params>
          <reporter-output>
          </reporter-output>
        </test-method> <!-- login -->
        <test-method is-config="true" signature="AfterTest()[pri:0, instance:BenefitsCal.Login@6853425f]" started-at="2021-11-23T06:32:51Z" name="AfterTest" finished-at="2021-11-23T06:32:52Z" duration-ms="730" status="PASS">
          <reporter-output>
          </reporter-output>
        </test-method> <!-- AfterTest -->
      </class> <!-- BenefitsCal.Login -->
    </test> <!-- Test -->
  </suite> <!-- Suite -->
</testng-results>
